INFO - 2023-11-21 09:13:42 --> Session: Class initialized using 'CodeIgniter\Session\Handlers\FileHandler' driver.
INFO - 2023-11-21 09:13:44 --> Session: Class initialized using 'CodeIgniter\Session\Handlers\FileHandler' driver.
INFO - 2023-11-21 09:14:06 --> Session: Class initialized using 'CodeIgniter\Session\Handlers\FileHandler' driver.
INFO - 2023-11-21 09:14:06 --> Session: Class initialized using 'CodeIgniter\Session\Handlers\FileHandler' driver.
INFO - 2023-11-21 09:14:27 --> Session: Class initialized using 'CodeIgniter\Session\Handlers\FileHandler' driver.
INFO - 2023-11-21 09:14:27 --> Session: Class initialized using 'CodeIgniter\Session\Handlers\FileHandler' driver.
CRITICAL - 2023-11-21 09:14:27 --> Trying to access array offset on value of type null
in APPPATH\Views\dashboard\view_report_card_qrcodes.php on line 12.
 1 APPPATH\Views\dashboard\view_report_card_qrcodes.php(12): CodeIgniter\Debug\Exceptions->errorHandler(8, 'Trying to access array offset on value of type null', 'C:\\xampp\\htdocs\\joblister\\app\\Views\\dashboard\\view_report_card_qrcodes.php', 12, [...])
 2 SYSTEMPATH\View\View.php(226): include('C:\\xampp\\htdocs\\joblister\\app\\Views\\dashboard\\view_report_card_qrcodes.php')
 3 SYSTEMPATH\View\View.php(229): CodeIgniter\View\View->CodeIgniter\View\{closure}()
 4 SYSTEMPATH\Common.php(1188): CodeIgniter\View\View->render('dashboard/view_report_card_qrcodes', [], true)
 5 APPPATH\Controllers\QrcodeController.php(122): view('dashboard/view_report_card_qrcodes', [...])
 6 SYSTEMPATH\CodeIgniter.php(919): App\Controllers\QrcodeController->view_report_card_qrcodes('dashboard.js')
 7 SYSTEMPATH\CodeIgniter.php(494): CodeIgniter\CodeIgniter->runController(Object(App\Controllers\QrcodeController))
 8 SYSTEMPATH\CodeIgniter.php(353): CodeIgniter\CodeIgniter->handleRequest(null, Object(Config\Cache), false)
 9 FCPATH\index.php(79): CodeIgniter\CodeIgniter->run()
INFO - 2023-11-21 09:15:23 --> Session: Class initialized using 'CodeIgniter\Session\Handlers\FileHandler' driver.
INFO - 2023-11-21 09:15:23 --> Session: Class initialized using 'CodeIgniter\Session\Handlers\FileHandler' driver.
CRITICAL - 2023-11-21 09:15:24 --> Trying to access array offset on value of type null
in APPPATH\Views\dashboard\view_report_card_qrcodes.php on line 12.
 1 APPPATH\Views\dashboard\view_report_card_qrcodes.php(12): CodeIgniter\Debug\Exceptions->errorHandler(8, 'Trying to access array offset on value of type null', 'C:\\xampp\\htdocs\\joblister\\app\\Views\\dashboard\\view_report_card_qrcodes.php', 12, [...])
 2 SYSTEMPATH\View\View.php(226): include('C:\\xampp\\htdocs\\joblister\\app\\Views\\dashboard\\view_report_card_qrcodes.php')
 3 SYSTEMPATH\View\View.php(229): CodeIgniter\View\View->CodeIgniter\View\{closure}()
 4 SYSTEMPATH\Common.php(1188): CodeIgniter\View\View->render('dashboard/view_report_card_qrcodes', [], true)
 5 APPPATH\Controllers\QrcodeController.php(122): view('dashboard/view_report_card_qrcodes', [...])
 6 SYSTEMPATH\CodeIgniter.php(919): App\Controllers\QrcodeController->view_report_card_qrcodes('dashboard.js')
 7 SYSTEMPATH\CodeIgniter.php(494): CodeIgniter\CodeIgniter->runController(Object(App\Controllers\QrcodeController))
 8 SYSTEMPATH\CodeIgniter.php(353): CodeIgniter\CodeIgniter->handleRequest(null, Object(Config\Cache), false)
 9 FCPATH\index.php(79): CodeIgniter\CodeIgniter->run()
INFO - 2023-11-21 09:15:25 --> Session: Class initialized using 'CodeIgniter\Session\Handlers\FileHandler' driver.
INFO - 2023-11-21 09:15:25 --> Session: Class initialized using 'CodeIgniter\Session\Handlers\FileHandler' driver.
CRITICAL - 2023-11-21 09:15:25 --> Trying to access array offset on value of type null
in APPPATH\Views\dashboard\view_report_card_qrcodes.php on line 12.
 1 APPPATH\Views\dashboard\view_report_card_qrcodes.php(12): CodeIgniter\Debug\Exceptions->errorHandler(8, 'Trying to access array offset on value of type null', 'C:\\xampp\\htdocs\\joblister\\app\\Views\\dashboard\\view_report_card_qrcodes.php', 12, [...])
 2 SYSTEMPATH\View\View.php(226): include('C:\\xampp\\htdocs\\joblister\\app\\Views\\dashboard\\view_report_card_qrcodes.php')
 3 SYSTEMPATH\View\View.php(229): CodeIgniter\View\View->CodeIgniter\View\{closure}()
 4 SYSTEMPATH\Common.php(1188): CodeIgniter\View\View->render('dashboard/view_report_card_qrcodes', [], true)
 5 APPPATH\Controllers\QrcodeController.php(122): view('dashboard/view_report_card_qrcodes', [...])
 6 SYSTEMPATH\CodeIgniter.php(919): App\Controllers\QrcodeController->view_report_card_qrcodes('dashboard.js')
 7 SYSTEMPATH\CodeIgniter.php(494): CodeIgniter\CodeIgniter->runController(Object(App\Controllers\QrcodeController))
 8 SYSTEMPATH\CodeIgniter.php(353): CodeIgniter\CodeIgniter->handleRequest(null, Object(Config\Cache), false)
 9 FCPATH\index.php(79): CodeIgniter\CodeIgniter->run()
INFO - 2023-11-21 09:15:28 --> Session: Class initialized using 'CodeIgniter\Session\Handlers\FileHandler' driver.
INFO - 2023-11-21 09:15:28 --> Session: Class initialized using 'CodeIgniter\Session\Handlers\FileHandler' driver.
CRITICAL - 2023-11-21 09:15:28 --> Trying to access array offset on value of type null
in APPPATH\Views\dashboard\view_report_card_qrcodes.php on line 12.
 1 APPPATH\Views\dashboard\view_report_card_qrcodes.php(12): CodeIgniter\Debug\Exceptions->errorHandler(8, 'Trying to access array offset on value of type null', 'C:\\xampp\\htdocs\\joblister\\app\\Views\\dashboard\\view_report_card_qrcodes.php', 12, [...])
 2 SYSTEMPATH\View\View.php(226): include('C:\\xampp\\htdocs\\joblister\\app\\Views\\dashboard\\view_report_card_qrcodes.php')
 3 SYSTEMPATH\View\View.php(229): CodeIgniter\View\View->CodeIgniter\View\{closure}()
 4 SYSTEMPATH\Common.php(1188): CodeIgniter\View\View->render('dashboard/view_report_card_qrcodes', [], true)
 5 APPPATH\Controllers\QrcodeController.php(122): view('dashboard/view_report_card_qrcodes', [...])
 6 SYSTEMPATH\CodeIgniter.php(919): App\Controllers\QrcodeController->view_report_card_qrcodes('dashboard.js')
 7 SYSTEMPATH\CodeIgniter.php(494): CodeIgniter\CodeIgniter->runController(Object(App\Controllers\QrcodeController))
 8 SYSTEMPATH\CodeIgniter.php(353): CodeIgniter\CodeIgniter->handleRequest(null, Object(Config\Cache), false)
 9 FCPATH\index.php(79): CodeIgniter\CodeIgniter->run()
INFO - 2023-11-21 09:16:42 --> Session: Class initialized using 'CodeIgniter\Session\Handlers\FileHandler' driver.
INFO - 2023-11-21 09:16:43 --> Session: Class initialized using 'CodeIgniter\Session\Handlers\FileHandler' driver.
CRITICAL - 2023-11-21 09:16:43 --> Trying to access array offset on value of type null
in APPPATH\Views\dashboard\view_report_card_qrcodes.php on line 12.
 1 APPPATH\Views\dashboard\view_report_card_qrcodes.php(12): CodeIgniter\Debug\Exceptions->errorHandler(8, 'Trying to access array offset on value of type null', 'C:\\xampp\\htdocs\\joblister\\app\\Views\\dashboard\\view_report_card_qrcodes.php', 12, [...])
 2 SYSTEMPATH\View\View.php(226): include('C:\\xampp\\htdocs\\joblister\\app\\Views\\dashboard\\view_report_card_qrcodes.php')
 3 SYSTEMPATH\View\View.php(229): CodeIgniter\View\View->CodeIgniter\View\{closure}()
 4 SYSTEMPATH\Common.php(1188): CodeIgniter\View\View->render('dashboard/view_report_card_qrcodes', [], true)
 5 APPPATH\Controllers\QrcodeController.php(122): view('dashboard/view_report_card_qrcodes', [...])
 6 SYSTEMPATH\CodeIgniter.php(919): App\Controllers\QrcodeController->view_report_card_qrcodes('dashboard.js')
 7 SYSTEMPATH\CodeIgniter.php(494): CodeIgniter\CodeIgniter->runController(Object(App\Controllers\QrcodeController))
 8 SYSTEMPATH\CodeIgniter.php(353): CodeIgniter\CodeIgniter->handleRequest(null, Object(Config\Cache), false)
 9 FCPATH\index.php(79): CodeIgniter\CodeIgniter->run()
INFO - 2023-11-21 09:16:45 --> Session: Class initialized using 'CodeIgniter\Session\Handlers\FileHandler' driver.
INFO - 2023-11-21 09:16:45 --> Session: Class initialized using 'CodeIgniter\Session\Handlers\FileHandler' driver.
CRITICAL - 2023-11-21 09:16:45 --> Trying to access array offset on value of type null
in APPPATH\Views\dashboard\view_report_card_qrcodes.php on line 12.
 1 APPPATH\Views\dashboard\view_report_card_qrcodes.php(12): CodeIgniter\Debug\Exceptions->errorHandler(8, 'Trying to access array offset on value of type null', 'C:\\xampp\\htdocs\\joblister\\app\\Views\\dashboard\\view_report_card_qrcodes.php', 12, [...])
 2 SYSTEMPATH\View\View.php(226): include('C:\\xampp\\htdocs\\joblister\\app\\Views\\dashboard\\view_report_card_qrcodes.php')
 3 SYSTEMPATH\View\View.php(229): CodeIgniter\View\View->CodeIgniter\View\{closure}()
 4 SYSTEMPATH\Common.php(1188): CodeIgniter\View\View->render('dashboard/view_report_card_qrcodes', [], true)
 5 APPPATH\Controllers\QrcodeController.php(122): view('dashboard/view_report_card_qrcodes', [...])
 6 SYSTEMPATH\CodeIgniter.php(919): App\Controllers\QrcodeController->view_report_card_qrcodes('dashboard.js')
 7 SYSTEMPATH\CodeIgniter.php(494): CodeIgniter\CodeIgniter->runController(Object(App\Controllers\QrcodeController))
 8 SYSTEMPATH\CodeIgniter.php(353): CodeIgniter\CodeIgniter->handleRequest(null, Object(Config\Cache), false)
 9 FCPATH\index.php(79): CodeIgniter\CodeIgniter->run()
INFO - 2023-11-21 09:20:31 --> Session: Class initialized using 'CodeIgniter\Session\Handlers\FileHandler' driver.
INFO - 2023-11-21 09:20:31 --> Session: Class initialized using 'CodeIgniter\Session\Handlers\FileHandler' driver.
CRITICAL - 2023-11-21 09:20:31 --> Trying to access array offset on value of type null
in APPPATH\Views\dashboard\view_report_card_qrcodes.php on line 12.
 1 APPPATH\Views\dashboard\view_report_card_qrcodes.php(12): CodeIgniter\Debug\Exceptions->errorHandler(8, 'Trying to access array offset on value of type null', 'C:\\xampp\\htdocs\\joblister\\app\\Views\\dashboard\\view_report_card_qrcodes.php', 12, [...])
 2 SYSTEMPATH\View\View.php(226): include('C:\\xampp\\htdocs\\joblister\\app\\Views\\dashboard\\view_report_card_qrcodes.php')
 3 SYSTEMPATH\View\View.php(229): CodeIgniter\View\View->CodeIgniter\View\{closure}()
 4 SYSTEMPATH\Common.php(1188): CodeIgniter\View\View->render('dashboard/view_report_card_qrcodes', [], true)
 5 APPPATH\Controllers\QrcodeController.php(122): view('dashboard/view_report_card_qrcodes', [...])
 6 SYSTEMPATH\CodeIgniter.php(919): App\Controllers\QrcodeController->view_report_card_qrcodes('dashboard.js')
 7 SYSTEMPATH\CodeIgniter.php(494): CodeIgniter\CodeIgniter->runController(Object(App\Controllers\QrcodeController))
 8 SYSTEMPATH\CodeIgniter.php(353): CodeIgniter\CodeIgniter->handleRequest(null, Object(Config\Cache), false)
 9 FCPATH\index.php(79): CodeIgniter\CodeIgniter->run()
INFO - 2023-11-21 09:20:50 --> Session: Class initialized using 'CodeIgniter\Session\Handlers\FileHandler' driver.
INFO - 2023-11-21 09:21:03 --> Session: Class initialized using 'CodeIgniter\Session\Handlers\FileHandler' driver.
INFO - 2023-11-21 09:21:03 --> Session: Class initialized using 'CodeIgniter\Session\Handlers\FileHandler' driver.
CRITICAL - 2023-11-21 09:21:03 --> Trying to access array offset on value of type null
in APPPATH\Views\dashboard\view_id_card_qr_codes.php on line 12.
 1 APPPATH\Views\dashboard\view_id_card_qr_codes.php(12): CodeIgniter\Debug\Exceptions->errorHandler(8, 'Trying to access array offset on value of type null', 'C:\\xampp\\htdocs\\joblister\\app\\Views\\dashboard\\view_id_card_qr_codes.php', 12, [...])
 2 SYSTEMPATH\View\View.php(226): include('C:\\xampp\\htdocs\\joblister\\app\\Views\\dashboard\\view_id_card_qr_codes.php')
 3 SYSTEMPATH\View\View.php(229): CodeIgniter\View\View->CodeIgniter\View\{closure}()
 4 SYSTEMPATH\Common.php(1188): CodeIgniter\View\View->render('dashboard/view_id_card_qr_codes', [], true)
 5 APPPATH\Controllers\QrcodeController.php(137): view('dashboard/view_id_card_qr_codes', [...])
 6 SYSTEMPATH\CodeIgniter.php(919): App\Controllers\QrcodeController->view_id_card_qr_codes('dashboard.js')
 7 SYSTEMPATH\CodeIgniter.php(494): CodeIgniter\CodeIgniter->runController(Object(App\Controllers\QrcodeController))
 8 SYSTEMPATH\CodeIgniter.php(353): CodeIgniter\CodeIgniter->handleRequest(null, Object(Config\Cache), false)
 9 FCPATH\index.php(79): CodeIgniter\CodeIgniter->run()
INFO - 2023-11-21 09:21:24 --> Session: Class initialized using 'CodeIgniter\Session\Handlers\FileHandler' driver.
INFO - 2023-11-21 09:21:32 --> Session: Class initialized using 'CodeIgniter\Session\Handlers\FileHandler' driver.
INFO - 2023-11-21 09:21:32 --> Session: Class initialized using 'CodeIgniter\Session\Handlers\FileHandler' driver.
CRITICAL - 2023-11-21 09:21:32 --> Trying to access array offset on value of type null
in APPPATH\Views\dashboard\view_report_card_qrcodes.php on line 12.
 1 APPPATH\Views\dashboard\view_report_card_qrcodes.php(12): CodeIgniter\Debug\Exceptions->errorHandler(8, 'Trying to access array offset on value of type null', 'C:\\xampp\\htdocs\\joblister\\app\\Views\\dashboard\\view_report_card_qrcodes.php', 12, [...])
 2 SYSTEMPATH\View\View.php(226): include('C:\\xampp\\htdocs\\joblister\\app\\Views\\dashboard\\view_report_card_qrcodes.php')
 3 SYSTEMPATH\View\View.php(229): CodeIgniter\View\View->CodeIgniter\View\{closure}()
 4 SYSTEMPATH\Common.php(1188): CodeIgniter\View\View->render('dashboard/view_report_card_qrcodes', [], true)
 5 APPPATH\Controllers\QrcodeController.php(122): view('dashboard/view_report_card_qrcodes', [...])
 6 SYSTEMPATH\CodeIgniter.php(919): App\Controllers\QrcodeController->view_report_card_qrcodes('dashboard.js')
 7 SYSTEMPATH\CodeIgniter.php(494): CodeIgniter\CodeIgniter->runController(Object(App\Controllers\QrcodeController))
 8 SYSTEMPATH\CodeIgniter.php(353): CodeIgniter\CodeIgniter->handleRequest(null, Object(Config\Cache), false)
 9 FCPATH\index.php(79): CodeIgniter\CodeIgniter->run()
INFO - 2023-11-21 09:21:38 --> Session: Class initialized using 'CodeIgniter\Session\Handlers\FileHandler' driver.
INFO - 2023-11-21 09:21:42 --> Session: Class initialized using 'CodeIgniter\Session\Handlers\FileHandler' driver.
INFO - 2023-11-21 09:21:43 --> Session: Class initialized using 'CodeIgniter\Session\Handlers\FileHandler' driver.
CRITICAL - 2023-11-21 09:21:43 --> Trying to access array offset on value of type null
in APPPATH\Views\dashboard\view_report_card_qrcodes.php on line 12.
 1 APPPATH\Views\dashboard\view_report_card_qrcodes.php(12): CodeIgniter\Debug\Exceptions->errorHandler(8, 'Trying to access array offset on value of type null', 'C:\\xampp\\htdocs\\joblister\\app\\Views\\dashboard\\view_report_card_qrcodes.php', 12, [...])
 2 SYSTEMPATH\View\View.php(226): include('C:\\xampp\\htdocs\\joblister\\app\\Views\\dashboard\\view_report_card_qrcodes.php')
 3 SYSTEMPATH\View\View.php(229): CodeIgniter\View\View->CodeIgniter\View\{closure}()
 4 SYSTEMPATH\Common.php(1188): CodeIgniter\View\View->render('dashboard/view_report_card_qrcodes', [], true)
 5 APPPATH\Controllers\QrcodeController.php(122): view('dashboard/view_report_card_qrcodes', [...])
 6 SYSTEMPATH\CodeIgniter.php(919): App\Controllers\QrcodeController->view_report_card_qrcodes('dashboard.js')
 7 SYSTEMPATH\CodeIgniter.php(494): CodeIgniter\CodeIgniter->runController(Object(App\Controllers\QrcodeController))
 8 SYSTEMPATH\CodeIgniter.php(353): CodeIgniter\CodeIgniter->handleRequest(null, Object(Config\Cache), false)
 9 FCPATH\index.php(79): CodeIgniter\CodeIgniter->run()
