INFO - 2023-11-22 12:54:22 --> Session: Class initialized using 'CodeIgniter\Session\Handlers\FileHandler' driver.
INFO - 2023-11-22 12:54:24 --> Session: Class initialized using 'CodeIgniter\Session\Handlers\FileHandler' driver.
INFO - 2023-11-22 12:56:32 --> Session: Class initialized using 'CodeIgniter\Session\Handlers\FileHandler' driver.
INFO - 2023-11-22 12:56:32 --> Session: Class initialized using 'CodeIgniter\Session\Handlers\FileHandler' driver.
INFO - 2023-11-22 12:56:48 --> Session: Class initialized using 'CodeIgniter\Session\Handlers\FileHandler' driver.
INFO - 2023-11-22 12:56:48 --> Session: Class initialized using 'CodeIgniter\Session\Handlers\FileHandler' driver.
INFO - 2023-11-22 12:57:29 --> Session: Class initialized using 'CodeIgniter\Session\Handlers\FileHandler' driver.
INFO - 2023-11-22 12:57:29 --> Session: Class initialized using 'CodeIgniter\Session\Handlers\FileHandler' driver.
CRITICAL - 2023-11-22 12:57:29 --> Trying to access array offset on value of type null
in APPPATH\Views\dashboard\view_id_card_qr_codes.php on line 12.
 1 APPPATH\Views\dashboard\view_id_card_qr_codes.php(12): CodeIgniter\Debug\Exceptions->errorHandler(8, 'Trying to access array offset on value of type null', 'C:\\xampp\\htdocs\\joblister\\app\\Views\\dashboard\\view_id_card_qr_codes.php', 12, [...])
 2 SYSTEMPATH\View\View.php(226): include('C:\\xampp\\htdocs\\joblister\\app\\Views\\dashboard\\view_id_card_qr_codes.php')
 3 SYSTEMPATH\View\View.php(229): CodeIgniter\View\View->CodeIgniter\View\{closure}()
 4 SYSTEMPATH\Common.php(1188): CodeIgniter\View\View->render('dashboard/view_id_card_qr_codes', [], true)
 5 APPPATH\Controllers\QrcodeController.php(137): view('dashboard/view_id_card_qr_codes', [...])
 6 SYSTEMPATH\CodeIgniter.php(919): App\Controllers\QrcodeController->view_id_card_qr_codes('dashboard.js')
 7 SYSTEMPATH\CodeIgniter.php(494): CodeIgniter\CodeIgniter->runController(Object(App\Controllers\QrcodeController))
 8 SYSTEMPATH\CodeIgniter.php(353): CodeIgniter\CodeIgniter->handleRequest(null, Object(Config\Cache), false)
 9 FCPATH\index.php(79): CodeIgniter\CodeIgniter->run()
INFO - 2023-11-22 12:58:01 --> Session: Class initialized using 'CodeIgniter\Session\Handlers\FileHandler' driver.
INFO - 2023-11-22 12:58:17 --> Session: Class initialized using 'CodeIgniter\Session\Handlers\FileHandler' driver.
INFO - 2023-11-22 12:58:38 --> Session: Class initialized using 'CodeIgniter\Session\Handlers\FileHandler' driver.
INFO - 2023-11-22 12:58:39 --> Session: Class initialized using 'CodeIgniter\Session\Handlers\FileHandler' driver.
CRITICAL - 2023-11-22 12:58:39 --> Trying to access array offset on value of type null
in APPPATH\Views\dashboard\view_id_card_qr_codes.php on line 12.
 1 APPPATH\Views\dashboard\view_id_card_qr_codes.php(12): CodeIgniter\Debug\Exceptions->errorHandler(8, 'Trying to access array offset on value of type null', 'C:\\xampp\\htdocs\\joblister\\app\\Views\\dashboard\\view_id_card_qr_codes.php', 12, [...])
 2 SYSTEMPATH\View\View.php(226): include('C:\\xampp\\htdocs\\joblister\\app\\Views\\dashboard\\view_id_card_qr_codes.php')
 3 SYSTEMPATH\View\View.php(229): CodeIgniter\View\View->CodeIgniter\View\{closure}()
 4 SYSTEMPATH\Common.php(1188): CodeIgniter\View\View->render('dashboard/view_id_card_qr_codes', [], true)
 5 APPPATH\Controllers\QrcodeController.php(137): view('dashboard/view_id_card_qr_codes', [...])
 6 SYSTEMPATH\CodeIgniter.php(919): App\Controllers\QrcodeController->view_id_card_qr_codes('dashboard.js')
 7 SYSTEMPATH\CodeIgniter.php(494): CodeIgniter\CodeIgniter->runController(Object(App\Controllers\QrcodeController))
 8 SYSTEMPATH\CodeIgniter.php(353): CodeIgniter\CodeIgniter->handleRequest(null, Object(Config\Cache), false)
 9 FCPATH\index.php(79): CodeIgniter\CodeIgniter->run()
INFO - 2023-11-22 12:58:41 --> Session: Class initialized using 'CodeIgniter\Session\Handlers\FileHandler' driver.
