CRITICAL - 2023-10-19 17:28:08 --> Return value of App\Controllers\Jobcontroller::save_job() must be of the type string, none returned
in APPPATH\Controllers\Jobcontroller.php on line 17.
 1 SYSTEMPATH\CodeIgniter.php(919): App\Controllers\Jobcontroller->save_job()
 2 SYSTEMPATH\CodeIgniter.php(494): CodeIgniter\CodeIgniter->runController(Object(App\Controllers\Jobcontroller))
 3 SYSTEMPATH\CodeIgniter.php(353): CodeIgniter\CodeIgniter->handleRequest(null, Object(Config\Cache), false)
 4 FCPATH\index.php(79): CodeIgniter\CodeIgniter->run()
CRITICAL - 2023-10-19 18:11:09 --> Argument 2 passed to CodeIgniter\Validation\Validation::run() must be of the type string or null, array given, called in C:\xampp\htdocs\joblister\app\Controllers\Jobcontroller.php on line 31
in SYSTEMPATH\Validation\Validation.php on line 132.
 1 APPPATH\Controllers\Jobcontroller.php(31): CodeIgniter\Validation\Validation->run([...], [...])
 2 SYSTEMPATH\CodeIgniter.php(919): App\Controllers\Jobcontroller->save_job()
 3 SYSTEMPATH\CodeIgniter.php(494): CodeIgniter\CodeIgniter->runController(Object(App\Controllers\Jobcontroller))
 4 SYSTEMPATH\CodeIgniter.php(353): CodeIgniter\CodeIgniter->handleRequest(null, Object(Config\Cache), false)
 5 FCPATH\index.php(79): CodeIgniter\CodeIgniter->run()
CRITICAL - 2023-10-19 18:16:17 --> Invalid file: "dashboard_form.php"
in SYSTEMPATH\Exceptions\FrameworkException.php on line 39.
 1 SYSTEMPATH\View\View.php(214): CodeIgniter\Exceptions\FrameworkException::forInvalidFile('dashboard_form.php')
 2 SYSTEMPATH\Common.php(1188): CodeIgniter\View\View->render('dashboard_form', [], true)
 3 APPPATH\Controllers\Jobcontroller.php(63): view('dashboard_form', [...])
 4 SYSTEMPATH\CodeIgniter.php(919): App\Controllers\Jobcontroller->save_job()
 5 SYSTEMPATH\CodeIgniter.php(494): CodeIgniter\CodeIgniter->runController(Object(App\Controllers\Jobcontroller))
 6 SYSTEMPATH\CodeIgniter.php(353): CodeIgniter\CodeIgniter->handleRequest(null, Object(Config\Cache), false)
 7 FCPATH\index.php(79): CodeIgniter\CodeIgniter->run()
CRITICAL - 2023-10-19 18:21:35 --> Undefined variable: validation
in APPPATH\Views\dashboard\create_job.php on line 19.
 1 APPPATH\Views\dashboard\create_job.php(19): CodeIgniter\Debug\Exceptions->errorHandler(8, 'Undefined variable: validation', 'C:\\xampp\\htdocs\\joblister\\app\\Views\\dashboard\\create_job.php', 19, [])
 2 SYSTEMPATH\View\View.php(226): include('C:\\xampp\\htdocs\\joblister\\app\\Views\\dashboard\\create_job.php')
 3 SYSTEMPATH\View\View.php(229): CodeIgniter\View\View->CodeIgniter\View\{closure}()
 4 SYSTEMPATH\Common.php(1188): CodeIgniter\View\View->render('dashboard/create_job', [], true)
 5 APPPATH\Controllers\Jobcontroller.php(12): view('dashboard/create_job')
 6 SYSTEMPATH\CodeIgniter.php(919): App\Controllers\Jobcontroller->index()
 7 SYSTEMPATH\CodeIgniter.php(494): CodeIgniter\CodeIgniter->runController(Object(App\Controllers\Jobcontroller))
 8 SYSTEMPATH\CodeIgniter.php(353): CodeIgniter\CodeIgniter->handleRequest(null, Object(Config\Cache), false)
 9 FCPATH\index.php(79): CodeIgniter\CodeIgniter->run()
CRITICAL - 2023-10-19 18:23:24 --> Undefined variable: validation
in APPPATH\Views\dashboard\create_job.php on line 19.
 1 APPPATH\Views\dashboard\create_job.php(19): CodeIgniter\Debug\Exceptions->errorHandler(8, 'Undefined variable: validation', 'C:\\xampp\\htdocs\\joblister\\app\\Views\\dashboard\\create_job.php', 19, [])
 2 SYSTEMPATH\View\View.php(226): include('C:\\xampp\\htdocs\\joblister\\app\\Views\\dashboard\\create_job.php')
 3 SYSTEMPATH\View\View.php(229): CodeIgniter\View\View->CodeIgniter\View\{closure}()
 4 SYSTEMPATH\Common.php(1188): CodeIgniter\View\View->render('dashboard/create_job', [], true)
 5 APPPATH\Controllers\Jobcontroller.php(12): view('dashboard/create_job')
 6 SYSTEMPATH\CodeIgniter.php(919): App\Controllers\Jobcontroller->index()
 7 SYSTEMPATH\CodeIgniter.php(494): CodeIgniter\CodeIgniter->runController(Object(App\Controllers\Jobcontroller))
 8 SYSTEMPATH\CodeIgniter.php(353): CodeIgniter\CodeIgniter->handleRequest(null, Object(Config\Cache), false)
 9 FCPATH\index.php(79): CodeIgniter\CodeIgniter->run()
CRITICAL - 2023-10-19 18:26:30 --> Undefined variable: validation
in APPPATH\Views\dashboard\create_job.php on line 19.
 1 APPPATH\Views\dashboard\create_job.php(19): CodeIgniter\Debug\Exceptions->errorHandler(8, 'Undefined variable: validation', 'C:\\xampp\\htdocs\\joblister\\app\\Views\\dashboard\\create_job.php', 19, [])
 2 SYSTEMPATH\View\View.php(226): include('C:\\xampp\\htdocs\\joblister\\app\\Views\\dashboard\\create_job.php')
 3 SYSTEMPATH\View\View.php(229): CodeIgniter\View\View->CodeIgniter\View\{closure}()
 4 SYSTEMPATH\Common.php(1188): CodeIgniter\View\View->render('dashboard/create_job', [], true)
 5 APPPATH\Controllers\Jobcontroller.php(12): view('dashboard/create_job')
 6 SYSTEMPATH\CodeIgniter.php(919): App\Controllers\Jobcontroller->index()
 7 SYSTEMPATH\CodeIgniter.php(494): CodeIgniter\CodeIgniter->runController(Object(App\Controllers\Jobcontroller))
 8 SYSTEMPATH\CodeIgniter.php(353): CodeIgniter\CodeIgniter->handleRequest(null, Object(Config\Cache), false)
 9 FCPATH\index.php(79): CodeIgniter\CodeIgniter->run()
CRITICAL - 2023-10-19 18:26:33 --> Undefined variable: validation
in APPPATH\Views\dashboard\create_job.php on line 19.
 1 APPPATH\Views\dashboard\create_job.php(19): CodeIgniter\Debug\Exceptions->errorHandler(8, 'Undefined variable: validation', 'C:\\xampp\\htdocs\\joblister\\app\\Views\\dashboard\\create_job.php', 19, [])
 2 SYSTEMPATH\View\View.php(226): include('C:\\xampp\\htdocs\\joblister\\app\\Views\\dashboard\\create_job.php')
 3 SYSTEMPATH\View\View.php(229): CodeIgniter\View\View->CodeIgniter\View\{closure}()
 4 SYSTEMPATH\Common.php(1188): CodeIgniter\View\View->render('dashboard/create_job', [], true)
 5 APPPATH\Controllers\Jobcontroller.php(12): view('dashboard/create_job')
 6 SYSTEMPATH\CodeIgniter.php(919): App\Controllers\Jobcontroller->index()
 7 SYSTEMPATH\CodeIgniter.php(494): CodeIgniter\CodeIgniter->runController(Object(App\Controllers\Jobcontroller))
 8 SYSTEMPATH\CodeIgniter.php(353): CodeIgniter\CodeIgniter->handleRequest(null, Object(Config\Cache), false)
 9 FCPATH\index.php(79): CodeIgniter\CodeIgniter->run()
CRITICAL - 2023-10-19 18:26:34 --> Undefined variable: validation
in APPPATH\Views\dashboard\create_job.php on line 19.
 1 APPPATH\Views\dashboard\create_job.php(19): CodeIgniter\Debug\Exceptions->errorHandler(8, 'Undefined variable: validation', 'C:\\xampp\\htdocs\\joblister\\app\\Views\\dashboard\\create_job.php', 19, [])
 2 SYSTEMPATH\View\View.php(226): include('C:\\xampp\\htdocs\\joblister\\app\\Views\\dashboard\\create_job.php')
 3 SYSTEMPATH\View\View.php(229): CodeIgniter\View\View->CodeIgniter\View\{closure}()
 4 SYSTEMPATH\Common.php(1188): CodeIgniter\View\View->render('dashboard/create_job', [], true)
 5 APPPATH\Controllers\Jobcontroller.php(12): view('dashboard/create_job')
 6 SYSTEMPATH\CodeIgniter.php(919): App\Controllers\Jobcontroller->index()
 7 SYSTEMPATH\CodeIgniter.php(494): CodeIgniter\CodeIgniter->runController(Object(App\Controllers\Jobcontroller))
 8 SYSTEMPATH\CodeIgniter.php(353): CodeIgniter\CodeIgniter->handleRequest(null, Object(Config\Cache), false)
 9 FCPATH\index.php(79): CodeIgniter\CodeIgniter->run()
INFO - 2023-10-19 18:53:53 --> Session: Class initialized using 'CodeIgniter\Session\Handlers\FileHandler' driver.
INFO - 2023-10-19 18:54:05 --> Session: Class initialized using 'CodeIgniter\Session\Handlers\FileHandler' driver.
INFO - 2023-10-19 18:54:35 --> Session: Class initialized using 'CodeIgniter\Session\Handlers\FileHandler' driver.
INFO - 2023-10-19 18:54:35 --> Session: Class initialized using 'CodeIgniter\Session\Handlers\FileHandler' driver.
INFO - 2023-10-19 18:58:24 --> Session: Class initialized using 'CodeIgniter\Session\Handlers\FileHandler' driver.
INFO - 2023-10-19 18:58:28 --> Session: Class initialized using 'CodeIgniter\Session\Handlers\FileHandler' driver.
INFO - 2023-10-19 18:58:36 --> Session: Class initialized using 'CodeIgniter\Session\Handlers\FileHandler' driver.
INFO - 2023-10-19 18:59:01 --> Session: Class initialized using 'CodeIgniter\Session\Handlers\FileHandler' driver.
INFO - 2023-10-19 18:59:01 --> Session: Class initialized using 'CodeIgniter\Session\Handlers\FileHandler' driver.
INFO - 2023-10-19 19:00:47 --> Session: Class initialized using 'CodeIgniter\Session\Handlers\FileHandler' driver.
INFO - 2023-10-19 19:04:16 --> Session: Class initialized using 'CodeIgniter\Session\Handlers\FileHandler' driver.
INFO - 2023-10-19 19:05:44 --> Session: Class initialized using 'CodeIgniter\Session\Handlers\FileHandler' driver.
INFO - 2023-10-19 19:05:51 --> Session: Class initialized using 'CodeIgniter\Session\Handlers\FileHandler' driver.
INFO - 2023-10-19 19:05:58 --> Session: Class initialized using 'CodeIgniter\Session\Handlers\FileHandler' driver.
INFO - 2023-10-19 19:05:59 --> Session: Class initialized using 'CodeIgniter\Session\Handlers\FileHandler' driver.
INFO - 2023-10-19 19:06:16 --> Session: Class initialized using 'CodeIgniter\Session\Handlers\FileHandler' driver.
INFO - 2023-10-19 19:06:23 --> Session: Class initialized using 'CodeIgniter\Session\Handlers\FileHandler' driver.
INFO - 2023-10-19 19:06:51 --> Session: Class initialized using 'CodeIgniter\Session\Handlers\FileHandler' driver.
INFO - 2023-10-19 19:06:51 --> Session: Class initialized using 'CodeIgniter\Session\Handlers\FileHandler' driver.
INFO - 2023-10-19 19:07:00 --> Session: Class initialized using 'CodeIgniter\Session\Handlers\FileHandler' driver.
INFO - 2023-10-19 19:07:31 --> Session: Class initialized using 'CodeIgniter\Session\Handlers\FileHandler' driver.
INFO - 2023-10-19 19:07:31 --> Session: Class initialized using 'CodeIgniter\Session\Handlers\FileHandler' driver.
CRITICAL - 2023-10-19 21:16:51 --> Undefined variable: data
in APPPATH\Controllers\Jobcontroller.php on line 23.
 1 APPPATH\Controllers\Jobcontroller.php(23): CodeIgniter\Debug\Exceptions->errorHandler(8, 'Undefined variable: data', 'C:\\xampp\\htdocs\\joblister\\app\\Controllers\\Jobcontroller.php', 23, [])
 2 SYSTEMPATH\CodeIgniter.php(919): App\Controllers\Jobcontroller->index()
 3 SYSTEMPATH\CodeIgniter.php(494): CodeIgniter\CodeIgniter->runController(Object(App\Controllers\Jobcontroller))
 4 SYSTEMPATH\CodeIgniter.php(353): CodeIgniter\CodeIgniter->handleRequest(null, Object(Config\Cache), false)
 5 FCPATH\index.php(79): CodeIgniter\CodeIgniter->run()
CRITICAL - 2023-10-19 21:16:55 --> Undefined variable: data
in APPPATH\Controllers\Jobcontroller.php on line 23.
 1 APPPATH\Controllers\Jobcontroller.php(23): CodeIgniter\Debug\Exceptions->errorHandler(8, 'Undefined variable: data', 'C:\\xampp\\htdocs\\joblister\\app\\Controllers\\Jobcontroller.php', 23, [])
 2 SYSTEMPATH\CodeIgniter.php(919): App\Controllers\Jobcontroller->index()
 3 SYSTEMPATH\CodeIgniter.php(494): CodeIgniter\CodeIgniter->runController(Object(App\Controllers\Jobcontroller))
 4 SYSTEMPATH\CodeIgniter.php(353): CodeIgniter\CodeIgniter->handleRequest(null, Object(Config\Cache), false)
 5 FCPATH\index.php(79): CodeIgniter\CodeIgniter->run()
CRITICAL - 2023-10-19 21:18:20 --> Undefined variable: data
in APPPATH\Controllers\Jobcontroller.php on line 23.
 1 APPPATH\Controllers\Jobcontroller.php(23): CodeIgniter\Debug\Exceptions->errorHandler(8, 'Undefined variable: data', 'C:\\xampp\\htdocs\\joblister\\app\\Controllers\\Jobcontroller.php', 23, [])
 2 SYSTEMPATH\CodeIgniter.php(919): App\Controllers\Jobcontroller->index()
 3 SYSTEMPATH\CodeIgniter.php(494): CodeIgniter\CodeIgniter->runController(Object(App\Controllers\Jobcontroller))
 4 SYSTEMPATH\CodeIgniter.php(353): CodeIgniter\CodeIgniter->handleRequest(null, Object(Config\Cache), false)
 5 FCPATH\index.php(79): CodeIgniter\CodeIgniter->run()
INFO - 2023-10-19 21:19:50 --> Session: Class initialized using 'CodeIgniter\Session\Handlers\FileHandler' driver.
INFO - 2023-10-19 21:59:20 --> Session: Class initialized using 'CodeIgniter\Session\Handlers\FileHandler' driver.
INFO - 2023-10-19 22:02:11 --> Session: Class initialized using 'CodeIgniter\Session\Handlers\FileHandler' driver.
CRITICAL - 2023-10-19 22:02:11 --> Call to undefined function form_open()
in APPPATH\Views\dashboard\create_job.php on line 23.
 1 SYSTEMPATH\View\View.php(226): include()
 2 SYSTEMPATH\View\View.php(229): CodeIgniter\View\View->CodeIgniter\View\{closure}()
 3 SYSTEMPATH\Common.php(1188): CodeIgniter\View\View->render('dashboard/create_job', [], true)
 4 APPPATH\Controllers\Jobcontroller.php(24): view('dashboard/create_job', [])
 5 SYSTEMPATH\CodeIgniter.php(919): App\Controllers\Jobcontroller->index()
 6 SYSTEMPATH\CodeIgniter.php(494): CodeIgniter\CodeIgniter->runController(Object(App\Controllers\Jobcontroller))
 7 SYSTEMPATH\CodeIgniter.php(353): CodeIgniter\CodeIgniter->handleRequest(null, Object(Config\Cache), false)
 8 FCPATH\index.php(79): CodeIgniter\CodeIgniter->run()
INFO - 2023-10-19 22:02:54 --> Session: Class initialized using 'CodeIgniter\Session\Handlers\FileHandler' driver.
CRITICAL - 2023-10-19 22:02:54 --> Call to undefined function form_open()
in APPPATH\Views\dashboard\create_job.php on line 23.
 1 SYSTEMPATH\View\View.php(226): include()
 2 SYSTEMPATH\View\View.php(229): CodeIgniter\View\View->CodeIgniter\View\{closure}()
 3 SYSTEMPATH\Common.php(1188): CodeIgniter\View\View->render('dashboard/create_job', [], true)
 4 APPPATH\Controllers\Jobcontroller.php(24): view('dashboard/create_job', [])
 5 SYSTEMPATH\CodeIgniter.php(919): App\Controllers\Jobcontroller->index()
 6 SYSTEMPATH\CodeIgniter.php(494): CodeIgniter\CodeIgniter->runController(Object(App\Controllers\Jobcontroller))
 7 SYSTEMPATH\CodeIgniter.php(353): CodeIgniter\CodeIgniter->handleRequest(null, Object(Config\Cache), false)
 8 FCPATH\index.php(79): CodeIgniter\CodeIgniter->run()
CRITICAL - 2023-10-19 22:05:01 --> syntax error, unexpected 'if' (T_IF)
in APPPATH\Controllers\Jobcontroller.php on line 22.
 1 SYSTEMPATH\Autoloader\Autoloader.php(285): CodeIgniter\Autoloader\Autoloader->includeFile('C:\\xampp\\htdocs\\joblister\\app\\Controllers\\Jobcontroller.php')
 2 SYSTEMPATH\Autoloader\Autoloader.php(263): CodeIgniter\Autoloader\Autoloader->loadInNamespace('App\\Controllers\\Jobcontroller')
 3 [internal function]: CodeIgniter\Autoloader\Autoloader->loadClass('App\\Controllers\\Jobcontroller')
 4 [internal function]: spl_autoload_call('App\\Controllers\\Jobcontroller')
 5 SYSTEMPATH\CodeIgniter.php(877): class_exists('\\App\\Controllers\\Jobcontroller', true)
 6 SYSTEMPATH\CodeIgniter.php(481): CodeIgniter\CodeIgniter->startController()
 7 SYSTEMPATH\CodeIgniter.php(353): CodeIgniter\CodeIgniter->handleRequest(null, Object(Config\Cache), false)
 8 FCPATH\index.php(79): CodeIgniter\CodeIgniter->run()
INFO - 2023-10-19 22:05:20 --> Session: Class initialized using 'CodeIgniter\Session\Handlers\FileHandler' driver.
INFO - 2023-10-19 22:07:24 --> Session: Class initialized using 'CodeIgniter\Session\Handlers\FileHandler' driver.
CRITICAL - 2023-10-19 22:07:50 --> Call to undefined method App\Controllers\Jobcontroller::validation()
in APPPATH\Controllers\Jobcontroller.php on line 34.
 1 SYSTEMPATH\CodeIgniter.php(919): App\Controllers\Jobcontroller->index()
 2 SYSTEMPATH\CodeIgniter.php(494): CodeIgniter\CodeIgniter->runController(Object(App\Controllers\Jobcontroller))
 3 SYSTEMPATH\CodeIgniter.php(353): CodeIgniter\CodeIgniter->handleRequest(null, Object(Config\Cache), false)
 4 FCPATH\index.php(79): CodeIgniter\CodeIgniter->run()
CRITICAL - 2023-10-19 22:13:55 --> Call to undefined method App\Controllers\Jobcontroller::validation()
in APPPATH\Controllers\Jobcontroller.php on line 34.
 1 SYSTEMPATH\CodeIgniter.php(919): App\Controllers\Jobcontroller->index()
 2 SYSTEMPATH\CodeIgniter.php(494): CodeIgniter\CodeIgniter->runController(Object(App\Controllers\Jobcontroller))
 3 SYSTEMPATH\CodeIgniter.php(353): CodeIgniter\CodeIgniter->handleRequest(null, Object(Config\Cache), false)
 4 FCPATH\index.php(79): CodeIgniter\CodeIgniter->run()
CRITICAL - 2023-10-19 22:14:47 --> Cannot use isset() on the result of an expression (you can use "null !== expression" instead)
in APPPATH\Views\dashboard\create_job.php on line 19.
 1 [internal function]: CodeIgniter\Debug\Exceptions->shutdownHandler()
CRITICAL - 2023-10-19 22:19:56 --> Cannot use isset() on the result of an expression (you can use "null !== expression" instead)
in APPPATH\Views\dashboard\create_job.php on line 19.
 1 [internal function]: CodeIgniter\Debug\Exceptions->shutdownHandler()
CRITICAL - 2023-10-19 22:34:00 --> Class 'App\Codeigniter\Controller' not found
in APPPATH\Controllers\Jobcontroller.php on line 7.
 1 SYSTEMPATH\Autoloader\Autoloader.php(306): include_once()
 2 SYSTEMPATH\Autoloader\Autoloader.php(285): CodeIgniter\Autoloader\Autoloader->includeFile('C:\\xampp\\htdocs\\joblister\\app\\Controllers\\Jobcontroller.php')
 3 SYSTEMPATH\Autoloader\Autoloader.php(263): CodeIgniter\Autoloader\Autoloader->loadInNamespace('App\\Controllers\\Jobcontroller')
 4 [internal function]: CodeIgniter\Autoloader\Autoloader->loadClass('App\\Controllers\\Jobcontroller')
 5 [internal function]: spl_autoload_call('App\\Controllers\\Jobcontroller')
 6 SYSTEMPATH\CodeIgniter.php(877): class_exists('\\App\\Controllers\\Jobcontroller', true)
 7 SYSTEMPATH\CodeIgniter.php(481): CodeIgniter\CodeIgniter->startController()
 8 SYSTEMPATH\CodeIgniter.php(353): CodeIgniter\CodeIgniter->handleRequest(null, Object(Config\Cache), false)
 9 FCPATH\index.php(79): CodeIgniter\CodeIgniter->run()
CRITICAL - 2023-10-19 22:34:24 --> Class 'App\Controllers\Controller' not found
in APPPATH\Controllers\Jobcontroller.php on line 7.
 1 SYSTEMPATH\Autoloader\Autoloader.php(306): include_once()
 2 SYSTEMPATH\Autoloader\Autoloader.php(285): CodeIgniter\Autoloader\Autoloader->includeFile('C:\\xampp\\htdocs\\joblister\\app\\Controllers\\Jobcontroller.php')
 3 SYSTEMPATH\Autoloader\Autoloader.php(263): CodeIgniter\Autoloader\Autoloader->loadInNamespace('App\\Controllers\\Jobcontroller')
 4 [internal function]: CodeIgniter\Autoloader\Autoloader->loadClass('App\\Controllers\\Jobcontroller')
 5 [internal function]: spl_autoload_call('App\\Controllers\\Jobcontroller')
 6 SYSTEMPATH\CodeIgniter.php(877): class_exists('\\App\\Controllers\\Jobcontroller', true)
 7 SYSTEMPATH\CodeIgniter.php(481): CodeIgniter\CodeIgniter->startController()
 8 SYSTEMPATH\CodeIgniter.php(353): CodeIgniter\CodeIgniter->handleRequest(null, Object(Config\Cache), false)
 9 FCPATH\index.php(79): CodeIgniter\CodeIgniter->run()
CRITICAL - 2023-10-19 22:34:49 --> Class 'App\Codeigniter\Controllers' not found
in APPPATH\Controllers\Jobcontroller.php on line 7.
 1 SYSTEMPATH\Autoloader\Autoloader.php(306): include_once()
 2 SYSTEMPATH\Autoloader\Autoloader.php(285): CodeIgniter\Autoloader\Autoloader->includeFile('C:\\xampp\\htdocs\\joblister\\app\\Controllers\\Jobcontroller.php')
 3 SYSTEMPATH\Autoloader\Autoloader.php(263): CodeIgniter\Autoloader\Autoloader->loadInNamespace('App\\Controllers\\Jobcontroller')
 4 [internal function]: CodeIgniter\Autoloader\Autoloader->loadClass('App\\Controllers\\Jobcontroller')
 5 [internal function]: spl_autoload_call('App\\Controllers\\Jobcontroller')
 6 SYSTEMPATH\CodeIgniter.php(877): class_exists('\\App\\Controllers\\Jobcontroller', true)
 7 SYSTEMPATH\CodeIgniter.php(481): CodeIgniter\CodeIgniter->startController()
 8 SYSTEMPATH\CodeIgniter.php(353): CodeIgniter\CodeIgniter->handleRequest(null, Object(Config\Cache), false)
 9 FCPATH\index.php(79): CodeIgniter\CodeIgniter->run()
CRITICAL - 2023-10-19 22:35:23 --> Class 'App\Codeigniter\Controllers' not found
in APPPATH\Controllers\Jobcontroller.php on line 7.
 1 SYSTEMPATH\Autoloader\Autoloader.php(306): include_once()
 2 SYSTEMPATH\Autoloader\Autoloader.php(285): CodeIgniter\Autoloader\Autoloader->includeFile('C:\\xampp\\htdocs\\joblister\\app\\Controllers\\Jobcontroller.php')
 3 SYSTEMPATH\Autoloader\Autoloader.php(263): CodeIgniter\Autoloader\Autoloader->loadInNamespace('App\\Controllers\\Jobcontroller')
 4 [internal function]: CodeIgniter\Autoloader\Autoloader->loadClass('App\\Controllers\\Jobcontroller')
 5 [internal function]: spl_autoload_call('App\\Controllers\\Jobcontroller')
 6 SYSTEMPATH\CodeIgniter.php(877): class_exists('\\App\\Controllers\\Jobcontroller', true)
 7 SYSTEMPATH\CodeIgniter.php(481): CodeIgniter\CodeIgniter->startController()
 8 SYSTEMPATH\CodeIgniter.php(353): CodeIgniter\CodeIgniter->handleRequest(null, Object(Config\Cache), false)
 9 FCPATH\index.php(79): CodeIgniter\CodeIgniter->run()
CRITICAL - 2023-10-19 22:36:09 --> Class 'App\Codeigniter\Controllers' not found
in APPPATH\Controllers\Jobcontroller.php on line 7.
 1 SYSTEMPATH\Autoloader\Autoloader.php(306): include_once()
 2 SYSTEMPATH\Autoloader\Autoloader.php(285): CodeIgniter\Autoloader\Autoloader->includeFile('C:\\xampp\\htdocs\\joblister\\app\\Controllers\\Jobcontroller.php')
 3 SYSTEMPATH\Autoloader\Autoloader.php(263): CodeIgniter\Autoloader\Autoloader->loadInNamespace('App\\Controllers\\Jobcontroller')
 4 [internal function]: CodeIgniter\Autoloader\Autoloader->loadClass('App\\Controllers\\Jobcontroller')
 5 [internal function]: spl_autoload_call('App\\Controllers\\Jobcontroller')
 6 SYSTEMPATH\CodeIgniter.php(877): class_exists('\\App\\Controllers\\Jobcontroller', true)
 7 SYSTEMPATH\CodeIgniter.php(481): CodeIgniter\CodeIgniter->startController()
 8 SYSTEMPATH\CodeIgniter.php(353): CodeIgniter\CodeIgniter->handleRequest(null, Object(Config\Cache), false)
 9 FCPATH\index.php(79): CodeIgniter\CodeIgniter->run()
